Feb 01 09:36:34 Installed: epel-release-7-11.noarch
Feb 01 09:37:31 Installed: 1:perl-parent-0.225-244.el7.noarch
Feb 01 09:37:31 Installed: perl-HTTP-Tiny-0.033-3.el7.noarch
Feb 01 09:37:31 Installed: perl-podlators-2.5.1-3.el7.noarch
Feb 01 09:37:31 Installed: perl-Pod-Perldoc-3.20-4.el7.noarch
Feb 01 09:37:31 Installed: 1:perl-Pod-Escapes-1.04-294.el7_6.noarch
Feb 01 09:37:32 Installed: perl-Encode-2.51-7.el7.x86_64
Feb 01 09:37:32 Installed: perl-Text-ParseWords-3.29-4.el7.noarch
Feb 01 09:37:32 Installed: perl-Pod-Usage-1.63-3.el7.noarch
Feb 01 09:37:32 Installed: 4:perl-libs-5.16.3-294.el7_6.x86_64
Feb 01 09:37:32 Installed: 4:perl-macros-5.16.3-294.el7_6.x86_64
Feb 01 09:37:32 Installed: perl-Storable-2.45-3.el7.x86_64
Feb 01 09:37:32 Installed: perl-Exporter-5.68-3.el7.noarch
Feb 01 09:37:32 Installed: perl-constant-1.27-2.el7.noarch
Feb 01 09:37:32 Installed: perl-Time-Local-1.2300-2.el7.noarch
Feb 01 09:37:32 Installed: perl-Socket-2.010-4.el7.x86_64
Feb 01 09:37:32 Installed: perl-Carp-1.26-244.el7.noarch
Feb 01 09:37:32 Installed: 4:perl-Time-HiRes-1.9725-3.el7.x86_64
Feb 01 09:37:32 Installed: perl-PathTools-3.40-5.el7.x86_64
Feb 01 09:37:32 Installed: perl-Scalar-List-Utils-1.27-248.el7.x86_64
Feb 01 09:37:32 Installed: 1:perl-Pod-Simple-3.28-4.el7.noarch
Feb 01 09:37:32 Installed: perl-File-Temp-0.23.01-3.el7.noarch
Feb 01 09:37:32 Installed: perl-File-Path-2.09-2.el7.noarch
Feb 01 09:37:32 Installed: perl-threads-shared-1.43-6.el7.x86_64
Feb 01 09:37:32 Installed: perl-threads-1.87-4.el7.x86_64
Feb 01 09:37:32 Installed: perl-Filter-1.49-3.el7.x86_64
Feb 01 09:37:32 Installed: perl-Getopt-Long-2.40-3.el7.noarch
Feb 01 09:37:34 Installed: 4:perl-5.16.3-294.el7_6.x86_64
Feb 01 09:37:34 Installed: 2:vim-filesystem-7.4.160-5.el7.x86_64
Feb 01 09:37:35 Installed: 2:vim-common-7.4.160-5.el7.x86_64
Feb 01 09:37:35 Installed: gpm-libs-1.20.7-5.el7.x86_64
Feb 01 09:37:35 Installed: 2:vim-enhanced-7.4.160-5.el7.x86_64
Feb 01 09:37:35 Installed: htop-2.2.0-1.el7.x86_64
Feb 01 10:22:00 Installed: mpfr-3.1.1-4.el7.x86_64
Feb 01 10:22:01 Installed: libmpc-1.0.1-3.el7.x86_64
Feb 01 10:22:01 Installed: cpp-4.8.5-36.el7.x86_64
Feb 01 10:22:02 Installed: kernel-headers-3.10.0-957.1.3.el7.x86_64
Feb 01 10:22:02 Installed: glibc-headers-2.17-260.el7.x86_64
Feb 01 10:22:02 Installed: glibc-devel-2.17-260.el7.x86_64
Feb 01 10:22:03 Installed: gcc-4.8.5-36.el7.x86_64
Feb 01 10:22:40 Installed: m4-1.4.16-10.el7.x86_64
Feb 01 10:22:40 Installed: bison-3.0.4-2.el7.x86_64
Feb 01 10:23:16 Installed: flex-2.5.37-6.el7.x86_64
Feb 01 10:46:04 Installed: bc-1.06.95-13.el7.x86_64
Feb 01 10:46:48 Installed: zlib-devel-1.2.7-18.el7.x86_64
Feb 01 10:46:48 Installed: elfutils-libelf-devel-0.172-2.el7.x86_64
Feb 01 10:48:58 Installed: python-backports-1.0-8.el7.x86_64
Feb 01 10:48:58 Installed: python-ipaddress-1.0.16-2.el7.noarch
Feb 01 10:48:58 Installed: python-backports-ssl_match_hostname-3.5.0.1-1.el7.noarch
Feb 01 10:48:58 Installed: python-setuptools-0.9.8-7.el7.noarch
Feb 01 10:48:59 Installed: python2-pip-8.1.2-7.el7.noarch
Feb 01 10:49:57 Installed: keyutils-libs-devel-1.5.8-3.el7.x86_64
Feb 01 10:49:57 Installed: libcom_err-devel-1.42.9-13.el7.x86_64
Feb 01 10:49:57 Installed: libsepol-devel-2.5-10.el7.x86_64
Feb 01 10:49:57 Installed: pcre-devel-8.32-17.el7.x86_64
Feb 01 10:49:57 Installed: libselinux-devel-2.5-14.1.el7.x86_64
Feb 01 10:49:57 Installed: libverto-devel-0.2.5-4.el7.x86_64
Feb 01 10:49:57 Installed: libkadm5-1.15.1-34.el7.x86_64
Feb 01 10:49:58 Installed: krb5-devel-1.15.1-34.el7.x86_64
Feb 01 10:49:58 Installed: 1:openssl-devel-1.0.2k-16.el7.x86_64
Feb 01 13:03:17 Erased: hyperv-daemons-0-0.34.20180415git.el7.x86_64
Feb 01 13:03:17 Erased: hypervkvpd-0-0.34.20180415git.el7.x86_64
Feb 01 13:03:17 Erased: hypervvssd-0-0.34.20180415git.el7.x86_64
Feb 01 13:03:18 Erased: hypervfcopyd-0-0.34.20180415git.el7.x86_64
Feb 01 13:03:18 Erased: kernel-3.10.0-957.1.3.el7.x86_64
